<?xml version="1.0" encoding="UTF-8"?>
<testng-results skipped="0" failed="0" ignored="2" total="4" passed="2">
  <reporter-output>
  </reporter-output>
  <suite name="Suite" duration-ms="91" started-at="2021-02-28T10:13:49 IST" finished-at="2021-02-28T10:13:49 IST">
    <groups>
      <group name="smokes">
        <method signature="TestNG.disH()[pri:0, instance:testNGpractice.TestNG@1ef968d]" name="disH" class="testNGpractice.TestNG"/>
      </group> <!-- smokes -->
      <group name="smoke">
        <method signature="Machina.add()[pri:0, instance:testNGpractice.Machina@1e028a9]" name="add" class="testNGpractice.Machina"/>
      </group> <!-- smoke -->
    </groups>
    <test name="Test" duration-ms="91" started-at="2021-02-28T10:13:49 IST" finished-at="2021-02-28T10:13:49 IST">
      <class name="testNGpractice.TestNG">
        <test-method status="PASS" signature="disH()[pri:0, instance:testNGpractice.TestNG@1ef968d]" name="disH" duration-ms="12" started-at="2021-02-28T10:13:49 IST" finished-at="2021-02-28T10:13:49 IST">
          <reporter-output>
          </reporter-output>
        </test-method> <!-- disH -->
      </class> <!-- testNGpractice.TestNG -->
      <class name="testNGpractice.Machina">
        <test-method status="PASS" signature="add()[pri:0, instance:testNGpractice.Machina@1e028a9]" name="add" duration-ms="1" started-at="2021-02-28T10:13:49 IST" finished-at="2021-02-28T10:13:49 IST">
          <reporter-output>
          </reporter-output>
        </test-method> <!-- add -->
      </class> <!-- testNGpractice.Machina -->
    </test> <!-- Test -->
  </suite> <!-- Suite -->
</testng-results>
