<?xml version="1.0" encoding="UTF-8"?>
<testng-results skipped="0" failed="0" total="1" passed="1">
  <reporter-output>
  </reporter-output>
  <suite name="Default suite" duration-ms="9976" started-at="2021-06-11T01:21:28Z" finished-at="2021-06-11T01:21:38Z">
    <groups>
    </groups>
    <test name="Default test" duration-ms="9976" started-at="2021-06-11T01:21:28Z" finished-at="2021-06-11T01:21:38Z">
      <class name="ExplicitWait">
        <test-method status="PASS" signature="f()[pri:0, instance:ExplicitWait@fa0f47]" name="f" duration-ms="9934" started-at="2021-06-11T06:51:28Z" finished-at="2021-06-11T06:51:38Z">
          <reporter-output>
          </reporter-output>
        </test-method> <!-- f -->
      </class> <!-- ExplicitWait -->
    </test> <!-- Default test -->
  </suite> <!-- Default suite -->
</testng-results>
