<?xml version="1.0" encoding="UTF-8"?>
<testng-results skipped="0" failed="0" total="1" passed="1">
  <reporter-output>
  </reporter-output>
  <suite name="Default suite" duration-ms="9019" started-at="2021-04-07T01:01:35Z" finished-at="2021-04-07T01:01:44Z">
    <groups>
    </groups>
    <test name="Default test" duration-ms="9019" started-at="2021-04-07T01:01:35Z" finished-at="2021-04-07T01:01:44Z">
      <class name="utilities.NewTest">
        <test-method status="PASS" signature="f()[pri:0, instance:utilities.NewTest@e955a8]" name="f" duration-ms="8978" started-at="2021-04-07T06:31:35Z" finished-at="2021-04-07T06:31:44Z">
          <reporter-output>
          </reporter-output>
        </test-method> <!-- f -->
      </class> <!-- utilities.NewTest -->
    </test> <!-- Default test -->
  </suite> <!-- Default suite -->
</testng-results>
