<?xml version="1.0" encoding="UTF-8"?>
<!-- Generated by org.testng.reporters.JUnitXMLReporter -->
<testsuite hostname="BDC6-LX-F27P5E2" ignored="2" name="Test" tests="2" failures="0" timestamp="2021-02-28T10:13:49 IST" time="0.091" errors="0">
  <testcase name="disH" time="0.012" classname="testNGpractice.TestNG"/>
  <testcase name="add" time="0.001" classname="testNGpractice.Machina"/>
  <testcase name="su1b" time="0.0" classname="testNGpractice.Machina">
    <ignored/>
  </testcase> <!-- su1b -->
  <testcase name="sub" time="0.0" classname="testNGpractice.Machina">
    <ignored/>
  </testcase> <!-- sub -->
</testsuite> <!-- Test -->
