<?xml version="1.0" encoding="UTF-8"?>
<!-- Generated by org.testng.reporters.JUnitXMLReporter -->
<testsuite hostname="BDC6-LX-F27P5E2" ignored="0" name="Test" tests="8" failures="0" timestamp="2021-02-28T21:25:15 IST" time="0.081" errors="0">
  <testcase name="disH" time="0.016" classname="testNGpractice.TestNG"/>
  <testcase name="divq" time="0.0" classname="testNGpractice.TestNG"/>
  <testcase name="add" time="0.001" classname="testNGpractice.Machina"/>
  <testcase name="add1" time="0.001" classname="testNGpractice.Machina"/>
  <testcase name="add2" time="0.001" classname="testNGpractice.Machina"/>
  <testcase name="su1b" time="0.001" classname="testNGpractice.Machina"/>
  <testcase name="su1b" time="0.0" classname="testNGpractice.Machina"/>
  <testcase name="sub" time="0.0" classname="testNGpractice.Machina"/>
</testsuite> <!-- Test -->
